# JRE version: Java(TM) SE Runtime Environment (24.0.2+12) (build 24.0.2+12-54)
# Java VM: Java HotSpot(TM) 64-Bit Server VM (24.0.2+12-54, mixed mode, sharing, tiered, compressed oops, compressed class ptrs, g1 gc, windows-amd64)
GC Precious Log:
 CardTable entry size: 512
 Card Set container configuration: InlinePtr #cards 5 size 8 Array Of Cards #cards 10 size 36 Howl #buckets 4 coarsen threshold 1843 Howl Bitmap #cards 512 size 80 coarsen threshold 460 Card regions per heap region 1 cards per card region 2048
 CPUs: 16 total, 16 available
 Memory: 7514M
 Large Page Support: Disabled
 NUMA Support: Disabled
 Compressed Oops: Enabled (32-bit)
 Heap Region Size: 1M
 Heap Min Capacity: 8M
 Heap Initial Capacity: 118M
 Heap Max Capacity: 1880M
 Pre-touch: Disabled
 Parallel Workers: 13
 Concurrent Workers: 3
 Concurrent Refinement Workers: 13
 Periodic GC: Disabled
Heap:
 garbage-first heap   total reserved 1925120K, committed 151552K, used 121852K [0x000000008a800000, 0x0000000100000000)
  region size 1024K, 2 young (2048K), 2 survivors (2048K)
 Metaspace       used 33131K, committed 33664K, reserved 1114112K
  class space    used 3254K, committed 3520K, reserved 1048576K
GC Heap History (18 events):
Event: 1.779 GC heap before
{Heap before GC invocations=0 (full 0):
 garbage-first heap   total reserved 1925120K, committed 122880K, used 49268K [0x000000008a800000, 0x0000000100000000)
  region size 1024K, 47 young (48128K), 0 survivors (0K)
 Metaspace       used 9260K, committed 9472K, reserved 1114112K
  class space    used 828K, committed 960K, reserved 1048576K
}
Event: 1.793 GC heap after
{Heap after GC invocations=1 (full 0):
 garbage-first heap   total reserved 1925120K, committed 122880K, used 5236K [0x000000008a800000, 0x0000000100000000)
  region size 1024K, 4 young (4096K), 4 survivors (4096K)
 Metaspace       used 9260K, committed 9472K, reserved 1114112K
  class space    used 828K, committed 960K, reserved 1048576K
}
Event: 3.580 GC heap before
{Heap before GC invocations=1 (full 0):
 garbage-first heap   total reserved 1925120K, committed 122880K, used 58484K [0x000000008a800000, 0x0000000100000000)
  region size 1024K, 56 young (57344K), 4 survivors (4096K)
 Metaspace       used 15716K, committed 16000K, reserved 1114112K
  class space    used 1523K, committed 1664K, reserved 1048576K
}
Event: 3.599 GC heap after
{Heap after GC invocations=2 (full 0):
 garbage-first heap   total reserved 1925120K, committed 122880K, used 11137K [0x000000008a800000, 0x0000000100000000)
  region size 1024K, 6 young (6144K), 6 survivors (6144K)
 Metaspace       used 15716K, committed 16000K, reserved 1114112K
  class space    used 1523K, committed 1664K, reserved 1048576K
}
Event: 4.821 GC heap before
{Heap before GC invocations=2 (full 0):
 garbage-first heap   total reserved 1925120K, committed 122880K, used 69505K [0x000000008a800000, 0x0000000100000000)
  region size 1024K, 63 young (64512K), 6 survivors (6144K)
 Metaspace       used 16608K, committed 16960K, reserved 1114112K
  class space    used 1579K, committed 1728K, reserved 1048576K
}
Event: 4.840 GC heap after
{Heap after GC invocations=3 (full 0):
 garbage-first heap   total reserved 1925120K, committed 122880K, used 13918K [0x000000008a800000, 0x0000000100000000)
  region size 1024K, 4 young (4096K), 4 survivors (4096K)
 Metaspace       used 16608K, committed 16960K, reserved 1114112K
  class space    used 1579K, committed 1728K, reserved 1048576K
}
Event: 7.323 GC heap before
{Heap before GC invocations=3 (full 0):
 garbage-first heap   total reserved 1925120K, committed 122880K, used 72286K [0x000000008a800000, 0x0000000100000000)
  region size 1024K, 58 young (59392K), 4 survivors (4096K)
 Metaspace       used 21172K, committed 21504K, reserved 1114112K
  class space    used 2012K, committed 2176K, reserved 1048576K
}
Event: 7.344 GC heap after
{Heap after GC invocations=4 (full 0):
 garbage-first heap   total reserved 1925120K, committed 122880K, used 24107K [0x000000008a800000, 0x0000000100000000)
  region size 1024K, 9 young (9216K), 9 survivors (9216K)
 Metaspace       used 21172K, committed 21504K, reserved 1114112K
  class space    used 2012K, committed 2176K, reserved 1048576K
}
Event: 9.018 GC heap before
{Heap before GC invocations=5 (full 0):
 garbage-first heap   total reserved 1925120K, committed 86016K, used 83499K [0x000000008a800000, 0x0000000100000000)
  region size 1024K, 66 young (67584K), 9 survivors (9216K)
 Metaspace       used 27648K, committed 28096K, reserved 1114112K
  class space    used 2701K, committed 2944K, reserved 1048576K
}
Event: 9.036 GC heap after
{Heap after GC invocations=6 (full 0):
 garbage-first heap   total reserved 1925120K, committed 100352K, used 29385K [0x000000008a800000, 0x0000000100000000)
  region size 1024K, 4 young (4096K), 4 survivors (4096K)
 Metaspace       used 27648K, committed 28096K, reserved 1114112K
  class space    used 2701K, committed 2944K, reserved 1048576K
}
Event: 9.795 GC heap before
{Heap before GC invocations=6 (full 0):
 garbage-first heap   total reserved 1925120K, committed 100352K, used 75465K [0x000000008a800000, 0x0000000100000000)
  region size 1024K, 49 young (50176K), 4 survivors (4096K)
 Metaspace       used 28657K, committed 29120K, reserved 1114112K
  class space    used 2760K, committed 3008K, reserved 1048576K
}
Event: 9.803 GC heap after
{Heap after GC invocations=7 (full 0):
 garbage-first heap   total reserved 1925120K, committed 100352K, used 29430K [0x000000008a800000, 0x0000000100000000)
  region size 1024K, 4 young (4096K), 4 survivors (4096K)
 Metaspace       used 28657K, committed 29120K, reserved 1114112K
  class space    used 2760K, committed 3008K, reserved 1048576K
}
Event: 11.209 GC heap before
{Heap before GC invocations=7 (full 0):
 garbage-first heap   total reserved 1925120K, committed 100352K, used 78582K [0x000000008a800000, 0x0000000100000000)
  region size 1024K, 52 young (53248K), 4 survivors (4096K)
 Metaspace       used 31691K, committed 32128K, reserved 1114112K
  class space    used 3128K, committed 3328K, reserved 1048576K
}
Event: 11.215 GC heap after
{Heap after GC invocations=8 (full 0):
 garbage-first heap   total reserved 1925120K, committed 100352K, used 37823K [0x000000008a800000, 0x0000000100000000)
  region size 1024K, 7 young (7168K), 7 survivors (7168K)
 Metaspace       used 31691K, committed 32128K, reserved 1114112K
  class space    used 3128K, committed 3328K, reserved 1048576K
}
Event: 13.584 GC heap before
{Heap before GC invocations=8 (full 0):
 garbage-first heap   total reserved 1925120K, committed 100352K, used 81855K [0x000000008a800000, 0x0000000100000000)
  region size 1024K, 50 young (51200K), 7 survivors (7168K)
 Metaspace       used 32118K, committed 32576K, reserved 1114112K
  class space    used 3156K, committed 3328K, reserved 1048576K
}
Event: 13.592 GC heap after
{Heap after GC invocations=9 (full 0):
 garbage-first heap   total reserved 1925120K, committed 107520K, used 52249K [0x000000008a800000, 0x0000000100000000)
  region size 1024K, 7 young (7168K), 7 survivors (7168K)
 Metaspace       used 32118K, committed 32576K, reserved 1114112K
  class space    used 3156K, committed 3328K, reserved 1048576K
}
Event: 15.371 GC heap before
{Heap before GC invocations=9 (full 0):
 garbage-first heap   total reserved 1925120K, committed 107520K, used 73753K [0x000000008a800000, 0x0000000100000000)
  region size 1024K, 27 young (27648K), 7 survivors (7168K)
 Metaspace       used 33148K, committed 33664K, reserved 1114112K
  class space    used 3254K, committed 3520K, reserved 1048576K
}
Event: 15.374 GC heap after
{Heap after GC invocations=10 (full 0):
 garbage-first heap   total reserved 1925120K, committed 107520K, used 56755K [0x000000008a800000, 0x0000000100000000)
  region size 1024K, 2 young (2048K), 2 survivors (2048K)
 Metaspace       used 33148K, committed 33664K, reserved 1114112K
  class space    used 3254K, committed 3520K, reserved 1048576K
}

